<?xml version="1.0" encoding="UTF-8"?>
<testsuite name="ab2.Ab2Tests" tests="4" skipped="0" failures="0" errors="0" timestamp="2023-06-06T21:01:08" hostname="DESKTOP-7NPNUJT" time="0.094">
  <properties/>
  <testcase name="testHashQuadratic()" classname="ab2.Ab2Tests" time="0.041"/>
  <testcase name="testMediansOfMedians()" classname="ab2.Ab2Tests" time="0.01"/>
  <testcase name="testHashDouble()" classname="ab2.Ab2Tests" time="0.012"/>
  <testcase name="testHashLinear()" classname="ab2.Ab2Tests" time="0.028"/>
  <system-out><![CDATA[]]></system-out>
  <system-err><![CDATA[]]></system-err>
</testsuite>
